Use method rk4
time step : 0.00390625, stop time : 1324
w0 amplitude : 0, a0_0 : 0, a0_1 : 0, omega0 : 6.1
epsilon : 0, nu : 0.3
Failed to open server log file `polosa`.
Local time: Tue Jan 15 18:13:28 2008
Start server version 0x00020000 on port: 31415
Local time: Tue Jan 15 18:13:28 2008
Server: connect from host 127.0.0.1, port 2083. Socket 6
Send JOB_END to client 6.
Local time: Tue Jan 15 18:53:27 2008
Closing connection with socket 6.
All tasks completed.
Stop server.
Use method rk4
time step : 0.00390625, stop time : 1054.72
w0 amplitude : 0, a0_0 : 0, a0_1 : 0, omega0 : 5.1
epsilon : 0, nu : 0.3
Failed to open server log file `p_kshsh_al`.
a0_step for server should be more then 0.
Use method rk4
time step : 0.00390625, stop time : 1054.72
w0 amplitude : 0, a0_0 : 0, a0_1 : 0, omega0 : 5.1
epsilon : 0, nu : 0.3
Server restart from a0: 0 number of pending tasks: 0
a0_step for server should be more then 0.
Use method rk4
time step : 0.00390625, stop time : 1054.72
w0 amplitude : 0, a0_0 : 0, a0_1 : 0, omega0 : 5.1
epsilon : 0, nu : 0.3
Server restart from a0: 0 number of pending tasks: 0
a0_step for server should be more then 0.
Use method rk4
time step : 0.00390625, stop time : 1054.72
w0 amplitude : 0, a0_0 : 0, a0_1 : 0, omega0 : 5.1
epsilon : 0, nu : 0.3
Server restart from a0: 0 number of pending tasks: 0
a0_step for server should be more then 0.
Use method rk4
time step : 0.00390625, stop time : 1324
w0 amplitude : 0, a0_0 : 0, a0_1 : 0, omega0 : 3.45
epsilon : 0, nu : 0.3
Failed to open server log file `kshsh`.
Local time: Fri Aug 29 14:19:22 2008
Start server version 0x00020000 on port: 31415
Local time: Fri Aug 29 14:19:22 2008
Server: connect from host 127.0.0.1, port 1031. Socket 6
Local time: Fri Aug 29 14:19:28 2008
Closing connection with socket 6.
Use method rk4
time step : 0.00390625, stop time : 5000
w0 amplitude : 0, a0_0 : 0, a0_1 : 13000, omega0 : 5.6
epsilon : 0, nu : 0.3
Failed to open server log file `s_bshsh_l50_wp5.6_q13000`.
a0_step for server should be more then 0.
